2020-07-04 16:47:10.258|INFO |main|main|com.alibaba.boot.dubbo.context.event.WelcomeLogoApplicationListener.onApplicationEvent() 53|

 :: Dubbo Spring Boot (v0.2.0) : https://github.com/apache/incubator-dubbo-spring-boot-project
 :: Dubbo (v2.6.4) : https://github.com/apache/incubator-dubbo
 :: Google group : dev@dubbo.incubator.apache.org

2020-07-04 16:47:10.272|INFO |main|main|com.alibaba.boot.dubbo.context.event.OverrideDubboConfigApplicationListener.onApplicationEvent() 68|Dubbo Config was overridden by externalized configuration {dubbo.application.name=my_dubbo-consumer, dubbo.registry.address=zookeeper://192.168.106.129:2181, dubbo.registry.client=zkclient}
2020-07-04 16:47:10.545|INFO |main|main|com.adam.dubbo.MyDubboConsumerApplication.logStarting() 55|Starting MyDubboConsumerApplication on DESKTOP-CAVF6SU with PID 13640 (E:\tool\idea\workdir\my_dubbo_consumer\target\classes started by My in E:\tool\idea\workdir\my_dubbo_consumer)
2020-07-04 16:47:10.551|INFO |main|main|com.adam.dubbo.MyDubboConsumerApplication.logStartupProfileInfo() 651|No active profile set, falling back to default profiles: default
2020-07-04 16:47:11.700|INFO |main|main|com.alibaba.dubbo.config.spring.context.annotation.DubboConfigBindingRegistrar.registerDubboConfigBean() 121|The dubbo config bean definition [name : com.alibaba.dubbo.config.ApplicationConfig#0, class : com.alibaba.dubbo.config.ApplicationConfig] has been registered.
2020-07-04 16:47:11.701|INFO |main|main|com.alibaba.dubbo.config.spring.context.annotation.DubboConfigBindingRegistrar.registerDubboConfigBindingBeanPostProcessor() 145|The BeanPostProcessor bean definition [com.alibaba.dubbo.config.spring.beans.factory.annotation.DubboConfigBindingBeanPostProcessor] for dubbo config bean [name : com.alibaba.dubbo.config.ApplicationConfig#0] has been registered.
2020-07-04 16:47:11.701|INFO |main|main|com.alibaba.dubbo.config.spring.context.annotation.DubboConfigBindingRegistrar.registerDubboConfigBean() 121|The dubbo config bean definition [name : com.alibaba.dubbo.config.RegistryConfig#0, class : com.alibaba.dubbo.config.RegistryConfig] has been registered.
2020-07-04 16:47:11.701|INFO |main|main|com.alibaba.dubbo.config.spring.context.annotation.DubboConfigBindingRegistrar.registerDubboConfigBindingBeanPostProcessor() 145|The BeanPostProcessor bean definition [com.alibaba.dubbo.config.spring.beans.factory.annotation.DubboConfigBindingBeanPostProcessor] for dubbo config bean [name : com.alibaba.dubbo.config.RegistryConfig#0] has been registered.
2020-07-04 16:47:11.989|INFO |main|main|org.springframework.context.support.PostProcessorRegistrationDelegate$BeanPostProcessorChecker.postProcessAfterInitialization() 335|Bean 'com.alibaba.boot.dubbo.autoconfigure.DubboAutoConfiguration' of type [com.alibaba.boot.dubbo.autoconfigure.DubboAutoConfiguration$$EnhancerBySpringCGLIB$$4848ea98] is not eligible for getting processed by all BeanPostProcessors (for example: not eligible for auto-proxying)
2020-07-04 16:47:12.050|INFO |main|main|org.springframework.context.support.PostProcessorRegistrationDelegate$BeanPostProcessorChecker.postProcessAfterInitialization() 335|Bean 'relaxedDubboConfigBinder' of type [com.alibaba.boot.dubbo.autoconfigure.RelaxedDubboConfigBinder] is not eligible for getting processed by all BeanPostProcessors (for example: not eligible for auto-proxying)
2020-07-04 16:47:12.052|INFO |main|main|org.springframework.context.support.PostProcessorRegistrationDelegate$BeanPostProcessorChecker.postProcessAfterInitialization() 335|Bean 'relaxedDubboConfigBinder' of type [com.alibaba.boot.dubbo.autoconfigure.RelaxedDubboConfigBinder] is not eligible for getting processed by all BeanPostProcessors (for example: not eligible for auto-proxying)
2020-07-04 16:47:12.419|INFO |main|main|org.springframework.boot.web.embedded.tomcat.TomcatWebServer.initialize() 108|Tomcat initialized with port(s): 9093 (http)
2020-07-04 16:47:12.432|INFO |main|main|org.apache.coyote.http11.Http11NioProtocol.log() 173|Initializing ProtocolHandler ["http-nio-9093"]
2020-07-04 16:47:12.432|INFO |main|main|org.apache.catalina.core.StandardService.log() 173|Starting service [Tomcat]
2020-07-04 16:47:12.432|INFO |main|main|org.apache.catalina.core.StandardEngine.log() 173|Starting Servlet engine: [Apache Tomcat/9.0.35]
2020-07-04 16:47:12.601|INFO |main|main|org.apache.catalina.core.ContainerBase.[Tomcat].[localhost].[/].log() 173|Initializing Spring embedded WebApplicationContext
2020-07-04 16:47:12.601|INFO |main|main|org.springframework.web.context.ContextLoader.prepareWebApplicationContext() 284|Root WebApplicationContext: initialization completed in 1983 ms
2020-07-04 16:47:12.951|INFO |main|main|com.alibaba.dubbo.config.spring.beans.factory.annotation.DubboConfigBindingBeanPostProcessor.postProcessBeforeInitialization() 85|The properties of bean [name : com.alibaba.dubbo.config.ApplicationConfig#0] have been binding by prefix of configuration properties : dubbo.application
2020-07-04 16:47:12.960|INFO |main|main|com.alibaba.dubbo.config.spring.beans.factory.annotation.DubboConfigBindingBeanPostProcessor.postProcessBeforeInitialization() 85|The properties of bean [name : com.alibaba.dubbo.config.RegistryConfig#0] have been binding by prefix of configuration properties : dubbo.registry
2020-07-04 16:47:22.123|INFO |DubboZkclientConnector|DubboZkclientConnector|org.apache.zookeeper.ZooKeeper.logEnv() 100|Client environment:zookeeper.version=3.4.13-2d71af4dbe22557fda74f9a9b4309b15a7487f03, built on 06/29/2018 00:39 GMT
2020-07-04 16:47:22.123|INFO |DubboZkclientConnector|DubboZkclientConnector|org.apache.zookeeper.ZooKeeper.logEnv() 100|Client environment:host.name=DESKTOP-CAVF6SU
2020-07-04 16:47:22.123|INFO |DubboZkclientConnector|DubboZkclientConnector|org.apache.zookeeper.ZooKeeper.logEnv() 100|Client environment:java.version=1.8.0_211
2020-07-04 16:47:22.123|INFO |DubboZkclientConnector|DubboZkclientConnector|org.apache.zookeeper.ZooKeeper.logEnv() 100|Client environment:java.vendor=Oracle Corporation
2020-07-04 16:47:22.123|INFO |DubboZkclientConnector|DubboZkclientConnector|org.apache.zookeeper.ZooKeeper.logEnv() 100|Client environment:java.home=E:\developTool\jdk\jdk8\jre
2020-07-04 16:47:22.123|INFO |DubboZkclientConnector|DubboZkclientConnector|org.apache.zookeeper.ZooKeeper.logEnv() 100|Client environment:java.class.path=E:\developTool\jdk\jdk8\jre\lib\charsets.jar;E:\developTool\jdk\jdk8\jre\lib\deploy.jar;E:\developTool\jdk\jdk8\jre\lib\ext\access-bridge-64.jar;E:\developTool\jdk\jdk8\jre\lib\ext\cldrdata.jar;E:\developTool\jdk\jdk8\jre\lib\ext\dnsns.jar;E:\developTool\jdk\jdk8\jre\lib\ext\jaccess.jar;E:\developTool\jdk\jdk8\jre\lib\ext\jfxrt.jar;E:\developTool\jdk\jdk8\jre\lib\ext\localedata.jar;E:\developTool\jdk\jdk8\jre\lib\ext\nashorn.jar;E:\developTool\jdk\jdk8\jre\lib\ext\sunec.jar;E:\developTool\jdk\jdk8\jre\lib\ext\sunjce_provider.jar;E:\developTool\jdk\jdk8\jre\lib\ext\sunmscapi.jar;E:\developTool\jdk\jdk8\jre\lib\ext\sunpkcs11.jar;E:\developTool\jdk\jdk8\jre\lib\ext\zipfs.jar;E:\developTool\jdk\jdk8\jre\lib\javaws.jar;E:\developTool\jdk\jdk8\jre\lib\jce.jar;E:\developTool\jdk\jdk8\jre\lib\jfr.jar;E:\developTool\jdk\jdk8\jre\lib\jfxswt.jar;E:\developTool\jdk\jdk8\jre\lib\jsse.jar;E:\developTool\jdk\jdk8\jre\lib\management-agent.jar;E:\developTool\jdk\jdk8\jre\lib\plugin.jar;E:\developTool\jdk\jdk8\jre\lib\resources.jar;E:\developTool\jdk\jdk8\jre\lib\rt.jar;E:\tool\idea\workdir\my_dubbo_consumer\target\classes;E:\developTool\maven\repository\org\springframework\boot\spring-boot-starter-web\2.3.0.RELEASE\spring-boot-starter-web-2.3.0.RELEASE.jar;E:\developTool\maven\repository\org\springframework\boot\spring-boot-starter\2.3.0.RELEASE\spring-boot-starter-2.3.0.RELEASE.jar;E:\developTool\maven\repository\org\springframework\boot\spring-boot\2.3.0.RELEASE\spring-boot-2.3.0.RELEASE.jar;E:\developTool\maven\repository\org\springframework\boot\spring-boot-autoconfigure\2.3.0.RELEASE\spring-boot-autoconfigure-2.3.0.RELEASE.jar;E:\developTool\maven\repository\jakarta\annotation\jakarta.annotation-api\1.3.5\jakarta.annotation-api-1.3.5.jar;E:\developTool\maven\repository\org\yaml\snakeyaml\1.26\snakeyaml-1.26.jar;E:\developTool\maven\repository\org\springframework\boot\spring-boot-starter-json\2.3.0.RELEASE\spring-boot-starter-json-2.3.0.RELEASE.jar;E:\developTool\maven\repository\com\fasterxml\jackson\core\jackson-databind\2.11.0\jackson-databind-2.11.0.jar;E:\developTool\maven\repository\com\fasterxml\jackson\core\jackson-core\2.11.0\jackson-core-2.11.0.jar;E:\developTool\maven\repository\com\fasterxml\jackson\datatype\jackson-datatype-jdk8\2.11.0\jackson-datatype-jdk8-2.11.0.jar;E:\developTool\maven\repository\com\fasterxml\jackson\datatype\jackson-datatype-jsr310\2.11.0\jackson-datatype-jsr310-2.11.0.jar;E:\developTool\maven\repository\com\fasterxml\jackson\module\jackson-module-parameter-names\2.11.0\jackson-module-parameter-names-2.11.0.jar;E:\developTool\maven\repository\org\springframework\boot\spring-boot-starter-tomcat\2.3.0.RELEASE\spring-boot-starter-tomcat-2.3.0.RELEASE.jar;E:\developTool\maven\repository\org\apache\tomcat\embed\tomcat-embed-core\9.0.35\tomcat-embed-core-9.0.35.jar;E:\developTool\maven\repository\org\glassfish\jakarta.el\3.0.3\jakarta.el-3.0.3.jar;E:\developTool\maven\repository\org\apache\tomcat\embed\tomcat-embed-websocket\9.0.35\tomcat-embed-websocket-9.0.35.jar;E:\developTool\maven\repository\org\springframework\spring-web\5.2.6.RELEASE\spring-web-5.2.6.RELEASE.jar;E:\developTool\maven\repository\org\springframework\spring-beans\5.2.6.RELEASE\spring-beans-5.2.6.RELEASE.jar;E:\developTool\maven\repository\org\springframework\spring-webmvc\5.2.6.RELEASE\spring-webmvc-5.2.6.RELEASE.jar;E:\developTool\maven\repository\org\springframework\spring-aop\5.2.6.RELEASE\spring-aop-5.2.6.RELEASE.jar;E:\developTool\maven\repository\org\springframework\spring-expression\5.2.6.RELEASE\spring-expression-5.2.6.RELEASE.jar;E:\developTool\maven\repository\net\bytebuddy\byte-buddy\1.10.10\byte-buddy-1.10.10.jar;E:\developTool\maven\repository\org\springframework\spring-core\5.2.6.RELEASE\spring-core-5.2.6.RELEASE.jar;E:\developTool\maven\repository\org\springframework\spring-jcl\5.2.6.RELEASE\spring-jcl-5.2.6.RELEASE.jar;E:\developTool\maven\repository\org\springframework\boot\spring-boot-starter-log4j2\2.3.0.RELEASE\spring-boot-starter-log4j2-2.3.0.RELEASE.jar;E:\developTool\maven\repository\org\apache\logging\log4j\log4j-slf4j-impl\2.13.2\log4j-slf4j-impl-2.13.2.jar;E:\developTool\maven\repository\org\apache\logging\log4j\log4j-api\2.13.2\log4j-api-2.13.2.jar;E:\developTool\maven\repository\org\apache\logging\log4j\log4j-core\2.13.2\log4j-core-2.13.2.jar;E:\developTool\maven\repository\org\apache\logging\log4j\log4j-jul\2.13.2\log4j-jul-2.13.2.jar;E:\developTool\maven\repository\org\slf4j\jul-to-slf4j\1.7.30\jul-to-slf4j-1.7.30.jar;E:\developTool\maven\repository\com\lmax\disruptor\3.4.2\disruptor-3.4.2.jar;E:\developTool\maven\repository\com\alibaba\boot\dubbo-spring-boot-starter\0.2.0\dubbo-spring-boot-starter-0.2.0.jar;E:\developTool\maven\repository\org\apache\curator\curator-framework\2.12.0\curator-framework-2.12.0.jar;E:\developTool\maven\repository\org\apache\curator\curator-client\2.12.0\curator-client-2.12.0.jar;E:\developTool\maven\repository\com\alibaba\boot\dubbo-spring-boot-autoconfigure\0.2.0\dubbo-spring-boot-autoconfigure-0.2.0.jar;E:\developTool\maven\repository\com\alibaba\dubbo\2.6.4\dubbo-2.6.4.jar;E:\developTool\maven\repository\org\springframework\spring-context\5.2.6.RELEASE\spring-context-5.2.6.RELEASE.jar;E:\developTool\maven\repository\org\javassist\javassist\3.20.0-GA\javassist-3.20.0-GA.jar;E:\developTool\maven\repository\org\jboss\netty\netty\3.2.5.Final\netty-3.2.5.Final.jar;E:\developTool\maven\repository\org\projectlombok\lombok\1.18.4\lombok-1.18.4.jar;E:\developTool\maven\repository\org\apache\zookeeper\zookeeper\3.4.13\zookeeper-3.4.13.jar;E:\developTool\maven\repository\org\slf4j\slf4j-api\1.7.30\slf4j-api-1.7.30.jar;E:\developTool\maven\repository\org\slf4j\slf4j-log4j12\1.7.30\slf4j-log4j12-1.7.30.jar;E:\developTool\maven\repository\log4j\log4j\1.2.17\log4j-1.2.17.jar;E:\developTool\maven\repository\jline\jline\0.9.94\jline-0.9.94.jar;E:\developTool\maven\repository\org\apache\yetus\audience-annotations\0.5.0\audience-annotations-0.5.0.jar;E:\developTool\maven\repository\io\netty\netty\3.10.6.Final\netty-3.10.6.Final.jar;E:\developTool\maven\repository\com\github\sgroschupf\zkclient\0.1\zkclient-0.1.jar;E:\developTool\maven\repository\io\springfox\springfox-swagger2\2.7.0\springfox-swagger2-2.7.0.jar;E:\developTool\maven\repository\io\swagger\swagger-annotations\1.5.13\swagger-annotations-1.5.13.jar;E:\developTool\maven\repository\io\swagger\swagger-models\1.5.13\swagger-models-1.5.13.jar;E:\developTool\maven\repository\com\fasterxml\jackson\core\jackson-annotations\2.11.0\jackson-annotations-2.11.0.jar;E:\developTool\maven\repository\io\springfox\springfox-spi\2.7.0\springfox-spi-2.7.0.jar;E:\developTool\maven\repository\io\springfox\springfox-core\2.7.0\springfox-core-2.7.0.jar;E:\developTool\maven\repository\io\springfox\springfox-schema\2.7.0\springfox-schema-2.7.0.jar;E:\developTool\maven\repository\io\springfox\springfox-swagger-common\2.7.0\springfox-swagger-common-2.7.0.jar;E:\developTool\maven\repository\io\springfox\springfox-spring-web\2.7.0\springfox-spring-web-2.7.0.jar;E:\developTool\maven\repository\org\reflections\reflections\0.9.11\reflections-0.9.11.jar;E:\developTool\maven\repository\com\google\guava\guava\18.0\guava-18.0.jar;E:\developTool\maven\repository\com\fasterxml\classmate\1.5.1\classmate-1.5.1.jar;E:\developTool\maven\repository\org\springframework\plugin\spring-plugin-core\1.2.0.RELEASE\spring-plugin-core-1.2.0.RELEASE.jar;E:\developTool\maven\repository\org\springframework\plugin\spring-plugin-metadata\1.2.0.RELEASE\spring-plugin-metadata-1.2.0.RELEASE.jar;E:\developTool\maven\repository\org\mapstruct\mapstruct\1.1.0.Final\mapstruct-1.1.0.Final.jar;E:\developTool\maven\repository\io\springfox\springfox-swagger-ui\2.7.0\springfox-swagger-ui-2.7.0.jar;E:\tool\idea\202001anzhuang\IntelliJ IDEA 2020.1\lib\idea_rt.jar;C:\Users\My\AppData\Local\JetBrains\IntelliJIdea2020.1\captureAgent\debugger-agent.jar
2020-07-04 16:47:22.123|INFO |DubboZkclientConnector|DubboZkclientConnector|org.apache.zookeeper.ZooKeeper.logEnv() 100|Client environment:java.library.path=E:\developTool\jdk\jdk8\bin;C:\Windows\Sun\Java\bin;C:\Windows\system32;C:\Windows;C:\Program Files (x86)\Common Files\Oracle\Java\javapath;C:\Windows\system32;C:\Windows;C:\Windows\System32\Wbem;C:\Windows\System32\WindowsPowerShell\v1.0\;C:\Windows\System32\OpenSSH\;E:\developTool\jdk\jdk8\bin;E:\tool\rabbitmq\Erlang\anzhuang\erl9.3\bin;E:\developTool\maven\apache-maven-3.6.1-bin\apache-maven-3.6.1\bin;D:\tools\git\anzhuang\Git-2.13.0-64-bit\Git\cmd;C:\Program Files\TortoiseGit\bin;C:\Users\My\AppData\Local\Microsoft\WindowsApps;;.
2020-07-04 16:47:22.123|INFO |DubboZkclientConnector|DubboZkclientConnector|org.apache.zookeeper.ZooKeeper.logEnv() 100|Client environment:java.io.tmpdir=C:\Users\My\AppData\Local\Temp\
2020-07-04 16:47:22.123|INFO |DubboZkclientConnector|DubboZkclientConnector|org.apache.zookeeper.ZooKeeper.logEnv() 100|Client environment:java.compiler=<NA>
2020-07-04 16:47:22.123|INFO |DubboZkclientConnector|DubboZkclientConnector|org.apache.zookeeper.ZooKeeper.logEnv() 100|Client environment:os.name=Windows 10
2020-07-04 16:47:22.123|INFO |DubboZkclientConnector|DubboZkclientConnector|org.apache.zookeeper.ZooKeeper.logEnv() 100|Client environment:os.arch=amd64
2020-07-04 16:47:22.123|INFO |DubboZkclientConnector|DubboZkclientConnector|org.apache.zookeeper.ZooKeeper.logEnv() 100|Client environment:os.version=10.0
2020-07-04 16:47:22.123|INFO |DubboZkclientConnector|DubboZkclientConnector|org.apache.zookeeper.ZooKeeper.logEnv() 100|Client environment:user.name=My
2020-07-04 16:47:22.123|INFO |DubboZkclientConnector|DubboZkclientConnector|org.apache.zookeeper.ZooKeeper.logEnv() 100|Client environment:user.home=C:\Users\My
2020-07-04 16:47:22.123|INFO |DubboZkclientConnector|DubboZkclientConnector|org.apache.zookeeper.ZooKeeper.logEnv() 100|Client environment:user.dir=E:\tool\idea\workdir\my_dubbo_consumer
2020-07-04 16:47:22.125|INFO |DubboZkclientConnector|DubboZkclientConnector|org.apache.zookeeper.ZooKeeper.<init>() 442|Initiating client connection, connectString=192.168.106.129:2181 sessionTimeout=30000 watcher=org.I0Itec.zkclient.ZkClient@33826722
2020-07-04 16:47:42.568|INFO |DubboZkclientConnector-SendThread(centos8:2181)|DubboZkclientConnector-SendThread(centos8:2181)|org.apache.zookeeper.ClientCnxn.logStartConnect() 1029|Opening socket connection to server centos8/192.168.106.129:2181. Will not attempt to authenticate using SASL (unknown error)
2020-07-04 16:47:42.570|INFO |DubboZkclientConnector-SendThread(centos8:2181)|DubboZkclientConnector-SendThread(centos8:2181)|org.apache.zookeeper.ClientCnxn.primeConnection() 879|Socket connection established to centos8/192.168.106.129:2181, initiating session
2020-07-04 16:47:42.580|INFO |DubboZkclientConnector-SendThread(centos8:2181)|DubboZkclientConnector-SendThread(centos8:2181)|org.apache.zookeeper.ClientCnxn.onConnected() 1303|Session establishment complete on server centos8/192.168.106.129:2181, sessionid = 0x100014abbde001b, negotiated timeout = 30000
2020-07-04 16:47:43.067|INFO |main|main|com.alibaba.dubbo.config.spring.beans.factory.annotation.ReferenceBeanBuilder.build() 79|<dubbo:reference object="com.alibaba.dubbo.common.bytecode.proxy0@13d019a4" singleton="true" interface="com.adam.dubbo.service.UserService" uniqueServiceName="com.adam.dubbo.service.UserService:1.0.0" generic="false" version="1.0.0" check="false" loadbalance="roundrobin" id="com.adam.dubbo.service.UserService" /> has been built.
2020-07-04 16:47:43.977|INFO |main|main|springfox.documentation.spring.web.PropertySourcedRequestMappingHandlerMapping.initHandlerMethods() 69|Mapped URL path [/v2/api-docs] onto method [springfox.documentation.swagger2.web.Swagger2Controller#getDocumentation(String, HttpServletRequest)]
2020-07-04 16:47:44.203|INFO |main|main|org.springframework.scheduling.concurrent.ThreadPoolTaskExecutor.initialize() 181|Initializing ExecutorService 'applicationTaskExecutor'
2020-07-04 16:47:44.524|INFO |main|main|org.apache.coyote.http11.Http11NioProtocol.log() 173|Starting ProtocolHandler ["http-nio-9093"]
2020-07-04 16:47:44.547|INFO |main|main|org.springframework.boot.web.embedded.tomcat.TomcatWebServer.start() 220|Tomcat started on port(s): 9093 (http) with context path ''
2020-07-04 16:47:44.549|INFO |main|main|springfox.documentation.spring.web.plugins.DocumentationPluginsBootstrapper.start() 147|Context refreshed
2020-07-04 16:47:44.590|INFO |main|main|springfox.documentation.spring.web.plugins.DocumentationPluginsBootstrapper.start() 150|Found 1 custom documentation plugin(s)
2020-07-04 16:47:44.639|INFO |main|main|springfox.documentation.spring.web.scanners.ApiListingReferenceScanner.scan() 41|Scanning for api listing references
2020-07-04 16:47:44.792|INFO |main|main|com.adam.dubbo.MyDubboConsumerApplication.logStarted() 61|Started MyDubboConsumerApplication in 35.632 seconds (JVM running for 39.025)
2020-07-04 16:48:13.857|INFO |http-nio-9093-exec-1|http-nio-9093-exec-1|org.apache.catalina.core.ContainerBase.[Tomcat].[localhost].[/].log() 173|Initializing Spring DispatcherServlet 'dispatcherServlet'
2020-07-04 16:48:13.857|INFO |http-nio-9093-exec-1|http-nio-9093-exec-1|org.springframework.web.servlet.DispatcherServlet.initServletBean() 525|Initializing Servlet 'dispatcherServlet'
2020-07-04 16:48:13.891|INFO |http-nio-9093-exec-1|http-nio-9093-exec-1|org.springframework.web.servlet.DispatcherServlet.initServletBean() 547|Completed initialization in 34 ms
2020-07-04 16:48:37.172|ERROR|http-nio-9093-exec-1|http-nio-9093-exec-1|org.apache.catalina.core.ContainerBase.[Tomcat].[localhost].[/].[dispatcherServlet].log() 175|Servlet.service() for servlet [dispatcherServlet] in context with path [] threw exception [Request processing failed; nested exception is com.alibaba.dubbo.rpc.RpcException: No provider available from registry 192.168.106.129:2181 for service com.adam.dubbo.service.UserService:1.0.0 on consumer 192.168.106.1 use dubbo version 2.6.4, please check status of providers(disabled, not registered or in blacklist).] with root cause
com.alibaba.dubbo.rpc.RpcException: No provider available from registry 192.168.106.129:2181 for service com.adam.dubbo.service.UserService:1.0.0 on consumer 192.168.106.1 use dubbo version 2.6.4, please check status of providers(disabled, not registered or in blacklist).
	at com.alibaba.dubbo.registry.integration.RegistryDirectory.doList(RegistryDirectory.java:575) ~[dubbo-2.6.4.jar:2.6.4]
	at com.alibaba.dubbo.rpc.cluster.directory.AbstractDirectory.list(AbstractDirectory.java:74) ~[dubbo-2.6.4.jar:2.6.4]
	at com.alibaba.dubbo.rpc.cluster.support.AbstractClusterInvoker.list(AbstractClusterInvoker.java:277) ~[dubbo-2.6.4.jar:2.6.4]
	at com.alibaba.dubbo.rpc.cluster.support.AbstractClusterInvoker.invoke(AbstractClusterInvoker.java:238) ~[dubbo-2.6.4.jar:2.6.4]
	at com.alibaba.dubbo.rpc.cluster.support.wrapper.MockClusterInvoker.invoke(MockClusterInvoker.java:75) ~[dubbo-2.6.4.jar:2.6.4]
	at com.alibaba.dubbo.rpc.proxy.InvokerInvocationHandler.invoke(InvokerInvocationHandler.java:52) ~[dubbo-2.6.4.jar:2.6.4]
	at com.alibaba.dubbo.common.bytecode.proxy0.queryAll(proxy0.java) ~[dubbo-2.6.4.jar:2.6.4]
	at com.adam.dubbo.web.ConsumerController.getProviderUserInfo(ConsumerController.java:22) ~[classes/:?]
	at sun.reflect.NativeMethodAccessorImpl.invoke0(Native Method) ~[?:1.8.0_211]
	at sun.reflect.NativeMethodAccessorImpl.invoke(NativeMethodAccessorImpl.java:62) ~[?:1.8.0_211]
	at sun.reflect.DelegatingMethodAccessorImpl.invoke(DelegatingMethodAccessorImpl.java:43) ~[?:1.8.0_211]
	at java.lang.reflect.Method.invoke(Method.java:498) ~[?:1.8.0_211]
	at org.springframework.web.method.support.InvocableHandlerMethod.doInvoke(InvocableHandlerMethod.java:190) ~[spring-web-5.2.6.RELEASE.jar:5.2.6.RELEASE]
	at org.springframework.web.method.support.InvocableHandlerMethod.invokeForRequest(InvocableHandlerMethod.java:138) ~[spring-web-5.2.6.RELEASE.jar:5.2.6.RELEASE]
	at org.springframework.web.servlet.mvc.method.annotation.ServletInvocableHandlerMethod.invokeAndHandle(ServletInvocableHandlerMethod.java:105) ~[spring-webmvc-5.2.6.RELEASE.jar:5.2.6.RELEASE]
	at org.springframework.web.servlet.mvc.method.annotation.RequestMappingHandlerAdapter.invokeHandlerMethod(RequestMappingHandlerAdapter.java:879) ~[spring-webmvc-5.2.6.RELEASE.jar:5.2.6.RELEASE]
	at org.springframework.web.servlet.mvc.method.annotation.RequestMappingHandlerAdapter.handleInternal(RequestMappingHandlerAdapter.java:793) ~[spring-webmvc-5.2.6.RELEASE.jar:5.2.6.RELEASE]
	at org.springframework.web.servlet.mvc.method.AbstractHandlerMethodAdapter.handle(AbstractHandlerMethodAdapter.java:87) ~[spring-webmvc-5.2.6.RELEASE.jar:5.2.6.RELEASE]
	at org.springframework.web.servlet.DispatcherServlet.doDispatch(DispatcherServlet.java:1040) ~[spring-webmvc-5.2.6.RELEASE.jar:5.2.6.RELEASE]
	at org.springframework.web.servlet.DispatcherServlet.doService(DispatcherServlet.java:943) ~[spring-webmvc-5.2.6.RELEASE.jar:5.2.6.RELEASE]
	at org.springframework.web.servlet.FrameworkServlet.processRequest(FrameworkServlet.java:1006) ~[spring-webmvc-5.2.6.RELEASE.jar:5.2.6.RELEASE]
	at org.springframework.web.servlet.FrameworkServlet.doPost(FrameworkServlet.java:909) ~[spring-webmvc-5.2.6.RELEASE.jar:5.2.6.RELEASE]
	at javax.servlet.http.HttpServlet.service(HttpServlet.java:660) ~[tomcat-embed-core-9.0.35.jar:9.0.35]
	at org.springframework.web.servlet.FrameworkServlet.service(FrameworkServlet.java:883) ~[spring-webmvc-5.2.6.RELEASE.jar:5.2.6.RELEASE]
	at javax.servlet.http.HttpServlet.service(HttpServlet.java:741) ~[tomcat-embed-core-9.0.35.jar:9.0.35]
	at org.apache.catalina.core.ApplicationFilterChain.internalDoFilter(ApplicationFilterChain.java:231) ~[tomcat-embed-core-9.0.35.jar:9.0.35]
	at org.apache.catalina.core.ApplicationFilterChain.doFilter(ApplicationFilterChain.java:166) ~[tomcat-embed-core-9.0.35.jar:9.0.35]
	at org.apache.tomcat.websocket.server.WsFilter.doFilter(WsFilter.java:53) ~[tomcat-embed-websocket-9.0.35.jar:9.0.35]
	at org.apache.catalina.core.ApplicationFilterChain.internalDoFilter(ApplicationFilterChain.java:193) ~[tomcat-embed-core-9.0.35.jar:9.0.35]
	at org.apache.catalina.core.ApplicationFilterChain.doFilter(ApplicationFilterChain.java:166) ~[tomcat-embed-core-9.0.35.jar:9.0.35]
	at org.springframework.web.filter.RequestContextFilter.doFilterInternal(RequestContextFilter.java:100) ~[spring-web-5.2.6.RELEASE.jar:5.2.6.RELEASE]
	at org.springframework.web.filter.OncePerRequestFilter.doFilter(OncePerRequestFilter.java:119) ~[spring-web-5.2.6.RELEASE.jar:5.2.6.RELEASE]
	at org.apache.catalina.core.ApplicationFilterChain.internalDoFilter(ApplicationFilterChain.java:193) ~[tomcat-embed-core-9.0.35.jar:9.0.35]
	at org.apache.catalina.core.ApplicationFilterChain.doFilter(ApplicationFilterChain.java:166) ~[tomcat-embed-core-9.0.35.jar:9.0.35]
	at org.springframework.web.filter.FormContentFilter.doFilterInternal(FormContentFilter.java:93) ~[spring-web-5.2.6.RELEASE.jar:5.2.6.RELEASE]
	at org.springframework.web.filter.OncePerRequestFilter.doFilter(OncePerRequestFilter.java:119) ~[spring-web-5.2.6.RELEASE.jar:5.2.6.RELEASE]
	at org.apache.catalina.core.ApplicationFilterChain.internalDoFilter(ApplicationFilterChain.java:193) ~[tomcat-embed-core-9.0.35.jar:9.0.35]
	at org.apache.catalina.core.ApplicationFilterChain.doFilter(ApplicationFilterChain.java:166) ~[tomcat-embed-core-9.0.35.jar:9.0.35]
	at org.springframework.web.filter.CharacterEncodingFilter.doFilterInternal(CharacterEncodingFilter.java:201) ~[spring-web-5.2.6.RELEASE.jar:5.2.6.RELEASE]
	at org.springframework.web.filter.OncePerRequestFilter.doFilter(OncePerRequestFilter.java:119) ~[spring-web-5.2.6.RELEASE.jar:5.2.6.RELEASE]
	at org.apache.catalina.core.ApplicationFilterChain.internalDoFilter(ApplicationFilterChain.java:193) ~[tomcat-embed-core-9.0.35.jar:9.0.35]
	at org.apache.catalina.core.ApplicationFilterChain.doFilter(ApplicationFilterChain.java:166) ~[tomcat-embed-core-9.0.35.jar:9.0.35]
	at org.apache.catalina.core.StandardWrapperValve.invoke(StandardWrapperValve.java:202) ~[tomcat-embed-core-9.0.35.jar:9.0.35]
	at org.apache.catalina.core.StandardContextValve.invoke(StandardContextValve.java:96) ~[tomcat-embed-core-9.0.35.jar:9.0.35]
	at org.apache.catalina.authenticator.AuthenticatorBase.invoke(AuthenticatorBase.java:541) ~[tomcat-embed-core-9.0.35.jar:9.0.35]
	at org.apache.catalina.core.StandardHostValve.invoke(StandardHostValve.java:139) ~[tomcat-embed-core-9.0.35.jar:9.0.35]
	at org.apache.catalina.valves.ErrorReportValve.invoke(ErrorReportValve.java:92) ~[tomcat-embed-core-9.0.35.jar:9.0.35]
	at org.apache.catalina.core.StandardEngineValve.invoke(StandardEngineValve.java:74) ~[tomcat-embed-core-9.0.35.jar:9.0.35]
	at org.apache.catalina.connector.CoyoteAdapter.service(CoyoteAdapter.java:343) ~[tomcat-embed-core-9.0.35.jar:9.0.35]
	at org.apache.coyote.http11.Http11Processor.service(Http11Processor.java:373) ~[tomcat-embed-core-9.0.35.jar:9.0.35]
	at org.apache.coyote.AbstractProcessorLight.process(AbstractProcessorLight.java:65) ~[tomcat-embed-core-9.0.35.jar:9.0.35]
	at org.apache.coyote.AbstractProtocol$ConnectionHandler.process(AbstractProtocol.java:868) ~[tomcat-embed-core-9.0.35.jar:9.0.35]
	at org.apache.tomcat.util.net.NioEndpoint$SocketProcessor.doRun(NioEndpoint.java:1590) ~[tomcat-embed-core-9.0.35.jar:9.0.35]
	at org.apache.tomcat.util.net.SocketProcessorBase.run(SocketProcessorBase.java:49) ~[tomcat-embed-core-9.0.35.jar:9.0.35]
	at java.util.concurrent.ThreadPoolExecutor.runWorker(ThreadPoolExecutor.java:1149) ~[?:1.8.0_211]
	at java.util.concurrent.ThreadPoolExecutor$Worker.run(ThreadPoolExecutor.java:624) ~[?:1.8.0_211]
	at org.apache.tomcat.util.threads.TaskThread$WrappingRunnable.run(TaskThread.java:61) ~[tomcat-embed-core-9.0.35.jar:9.0.35]
	at java.lang.Thread.run(Thread.java:748) [?:1.8.0_211]
2020-07-04 16:48:42.248|INFO |DubboShutdownHook|DubboShutdownHook|org.apache.zookeeper.ZooKeeper.close() 693|Session: 0x100014abbde001b closed
2020-07-04 16:48:42.248|INFO |DubboZkclientConnector-EventThread|DubboZkclientConnector-EventThread|org.apache.zookeeper.ClientCnxn.run() 522|EventThread shut down for session: 0x100014abbde001b
2020-07-04 16:48:42.958|INFO |SpringContextShutdownHook|SpringContextShutdownHook|org.springframework.scheduling.concurrent.ThreadPoolTaskExecutor.shutdown() 218|Shutting down ExecutorService 'applicationTaskExecutor'
2020-07-04 16:48:42.961|INFO |SpringContextShutdownHook|SpringContextShutdownHook|com.alibaba.dubbo.config.spring.beans.factory.annotation.ReferenceAnnotationBeanPostProcessor.destroy() 242|<dubbo:reference object="com.alibaba.dubbo.common.bytecode.proxy0@13d019a4" singleton="true" interface="com.adam.dubbo.service.UserService" uniqueServiceName="com.adam.dubbo.service.UserService:1.0.0" generic="false" version="1.0.0" check="false" loadbalance="roundrobin" id="com.adam.dubbo.service.UserService" /> was destroying!
2020-07-04 16:48:42.961|INFO |SpringContextShutdownHook|SpringContextShutdownHook|com.alibaba.dubbo.config.spring.beans.factory.annotation.ReferenceAnnotationBeanPostProcessor.destroy() 251|class com.alibaba.dubbo.config.spring.beans.factory.annotation.ReferenceAnnotationBeanPostProcessor was destroying!
